-------------------------------------------------------------------------------
Test set: geco.LoginGeneratorTest
-------------------------------------------------------------------------------
Tests run: 1, Failures: 1, Errors: 0, Skipped: 0, Time elapsed: 0.034 s <<< FAILURE! - in geco.LoginGeneratorTest
warning(junit.framework.TestSuite$1)  Time elapsed: 0.007 s  <<< FAILURE!
junit.framework.AssertionFailedError: No tests found in geco.LoginGeneratorTest
	at junit.framework.TestSuite$1.runTest(TestSuite.java:96)

